C:\USERS\HANNAH\DESKTOP\EA-SHIELD ANTIHACK\SOURCE CODE\TOOL\GETHARDWAREID\DEBUG\GETHARDWAREID.EXE
C:\USERS\HANNAH\DESKTOP\EA-SHIELD ANTIHACK\SOURCE CODE\TOOL\GETHARDWAREID\DEBUG\GETHARDWAREID.ILK
C:\USERS\HANNAH\DESKTOP\EA-SHIELD ANTIHACK\SOURCE CODE\TOOL\GETHARDWAREID\DEBUG\GETHARDWAREID.PDB
C:\Users\Hannah\Desktop\EA-SHIELD ANTIHACK\Source Code\Tool\GetHardwareId\GetHardwareId\Debug\cl.command.1.tlog
C:\Users\Hannah\Desktop\EA-SHIELD ANTIHACK\Source Code\Tool\GetHardwareId\GetHardwareId\Debug\CL.read.1.tlog
C:\Users\Hannah\Desktop\EA-SHIELD ANTIHACK\Source Code\Tool\GetHardwareId\GetHardwareId\Debug\CL.write.1.tlog
C:\USERS\HANNAH\DESKTOP\EA-SHIELD ANTIHACK\SOURCE CODE\TOOL\GETHARDWAREID\GETHARDWAREID\DEBUG\GETHARDWAREID.EXE.EMBED.MANIFEST
C:\USERS\HANNAH\DESKTOP\EA-SHIELD ANTIHACK\SOURCE CODE\TOOL\GETHARDWAREID\GETHARDWAREID\DEBUG\GETHARDWAREID.EXE.EMBED.MANIFEST.RES
C:\USERS\HANNAH\DESKTOP\EA-SHIELD ANTIHACK\SOURCE CODE\TOOL\GETHARDWAREID\GETHARDWAREID\DEBUG\GETHARDWAREID.EXE.INTERMEDIATE.MANIFEST
C:\USERS\HANNAH\DESKTOP\EA-SHIELD ANTIHACK\SOURCE CODE\TOOL\GETHARDWAREID\GETHARDWAREID\DEBUG\GETHARDWAREID.OBJ
C:\USERS\HANNAH\DESKTOP\EA-SHIELD ANTIHACK\SOURCE CODE\TOOL\GETHARDWAREID\GETHARDWAREID\DEBUG\GETHARDWAREID.PCH
C:\USERS\HANNAH\DESKTOP\EA-SHIELD ANTIHACK\SOURCE CODE\TOOL\GETHARDWAREID\GETHARDWAREID\DEBUG\GETHARDWAREID.RES
C:\Users\Hannah\Desktop\EA-SHIELD ANTIHACK\Source Code\Tool\GetHardwareId\GetHardwareId\Debug\GetHardwareId.write.1.tlog
C:\Users\Hannah\Desktop\EA-SHIELD ANTIHACK\Source Code\Tool\GetHardwareId\GetHardwareId\Debug\GetHardwareId_manifest.rc
C:\Users\Hannah\Desktop\EA-SHIELD ANTIHACK\Source Code\Tool\GetHardwareId\GetHardwareId\Debug\link.command.1.tlog
C:\Users\Hannah\Desktop\EA-SHIELD ANTIHACK\Source Code\Tool\GetHardwareId\GetHardwareId\Debug\link.read.1.tlog
C:\Users\Hannah\Desktop\EA-SHIELD ANTIHACK\Source Code\Tool\GetHardwareId\GetHardwareId\Debug\link.write.1.tlog
C:\Users\Hannah\Desktop\EA-SHIELD ANTIHACK\Source Code\Tool\GetHardwareId\GetHardwareId\Debug\link-cvtres.read.1.tlog
C:\Users\Hannah\Desktop\EA-SHIELD ANTIHACK\Source Code\Tool\GetHardwareId\GetHardwareId\Debug\link-cvtres.write.1.tlog
C:\Users\Hannah\Desktop\EA-SHIELD ANTIHACK\Source Code\Tool\GetHardwareId\GetHardwareId\Debug\mt.command.1.tlog
C:\Users\Hannah\Desktop\EA-SHIELD ANTIHACK\Source Code\Tool\GetHardwareId\GetHardwareId\Debug\mt.read.1.tlog
C:\Users\Hannah\Desktop\EA-SHIELD ANTIHACK\Source Code\Tool\GetHardwareId\GetHardwareId\Debug\mt.write.1.tlog
C:\Users\Hannah\Desktop\EA-SHIELD ANTIHACK\Source Code\Tool\GetHardwareId\GetHardwareId\Debug\rc.command.1.tlog
C:\Users\Hannah\Desktop\EA-SHIELD ANTIHACK\Source Code\Tool\GetHardwareId\GetHardwareId\Debug\rc.read.1.tlog
C:\Users\Hannah\Desktop\EA-SHIELD ANTIHACK\Source Code\Tool\GetHardwareId\GetHardwareId\Debug\rc.write.1.tlog
C:\USERS\HANNAH\DESKTOP\EA-SHIELD ANTIHACK\SOURCE CODE\TOOL\GETHARDWAREID\GETHARDWAREID\DEBUG\STDAFX.OBJ
C:\Users\Hannah\Desktop\EA-SHIELD ANTIHACK\Source Code\Tool\GetHardwareId\GetHardwareId\Debug\vc100.idb
C:\USERS\HANNAH\DESKTOP\EA-SHIELD ANTIHACK\SOURCE CODE\TOOL\GETHARDWAREID\GETHARDWAREID\DEBUG\VC100.PDB
