Build started 2/6/2023 8:12:06 AM.
     1>Project "C:\Users\hannah\Desktop\EA-ANTIHACK 1 4 2023\Tool\GetHackList\GetHackList\GetHackList.vcxproj" on node 2 (rebuild target(s)).
     1>_PrepareForClean:
         Deleting file "C:\Users\hannah\Desktop\EA-ANTIHACK 1 4 2023\Tool\GetHackList\GetHackList\Release\GetHackList.lastbuildstate".
     1>C:\Program Files (x86)\MSBuild\Microsoft.Cpp\v4.0\Microsoft.CppBuild.targets(299,5): warning MSB8004: Output Directory does not end with a trailing slash.  This build instance will add the slash as it is required to allow proper evaluation of the Output Directory.
       InitializeBuildStatus:
         Creating "C:\Users\hannah\Desktop\EA-ANTIHACK 1 4 2023\Tool\GetHackList\GetHackList\Release\GetHackList.unsuccessfulbuild" because "AlwaysCreate" was specified.
       ClCompile:
         C:\Program Files (x86)\Microsoft Visual Studio 10.0\VC\bin\CL.exe /c /Zi /nologo /W3 /WX- /MP /O2 /Oi /Oy- /GL /D WIN32 /D NDEBUG /D _CONSOLE /D _MBCS /Gm- /EHsc /MT /GS /Gy /fp:precise /Zc:wchar_t /Zc:forScope /Yc"StdAfx.h" /Fp"C:\Users\hannah\Desktop\EA-ANTIHACK 1 4 2023\Tool\GetHackList\GetHackList\Release\GetCRC.pch" /Fo"C:\Users\hannah\Desktop\EA-ANTIHACK 1 4 2023\Tool\GetHackList\GetHackList\Release\\" /Fd"C:\Users\hannah\Desktop\EA-ANTIHACK 1 4 2023\Tool\GetHackList\GetHackList\Release\vc100.pdb" /Gd /TP /analyze- /errorReport:prompt stdafx.cpp
         stdafx.cpp
         C:\Program Files (x86)\Microsoft Visual Studio 10.0\VC\bin\CL.exe /c /Zi /nologo /W3 /WX- /MP /O2 /Oi /Oy- /GL /D WIN32 /D NDEBUG /D _CONSOLE /D _MBCS /Gm- /EHsc /MT /GS /Gy /fp:precise /Zc:wchar_t /Zc:forScope /Yu"StdAfx.h" /Fp"C:\Users\hannah\Desktop\EA-ANTIHACK 1 4 2023\Tool\GetHackList\GetHackList\Release\GetCRC.pch" /Fo"C:\Users\hannah\Desktop\EA-ANTIHACK 1 4 2023\Tool\GetHackList\GetHackList\Release\\" /Fd"C:\Users\hannah\Desktop\EA-ANTIHACK 1 4 2023\Tool\GetHackList\GetHackList\Release\vc100.pdb" /Gd /TP /analyze- /errorReport:prompt CRC32.cpp FileProtect.cpp GetHackList.cpp
         CRC32.cpp
         FileProtect.cpp
         GetHackList.cpp
       ResourceCompile:
         C:\Program Files (x86)\Microsoft SDKs\Windows\v7.0A\bin\rc.exe /l"0x0409" /nologo /fo"C:\Users\hannah\Desktop\EA-ANTIHACK 1 4 2023\Tool\GetHackList\GetHackList\Release\GetHackList.res" GetHackList.rc 
       Link:
         C:\Program Files (x86)\Microsoft Visual Studio 10.0\VC\bin\link.exe /ERRORREPORT:PROMPT /OUT:"C:\Users\hannah\Desktop\EA-ANTIHACK 1 4 2023\Tool\GetHackList\New Release\GetCRC.exe" /INCREMENTAL:NO /NOLOGO kernel32.lib user32.lib gdi32.lib winspool.lib comdlg32.lib advapi32.lib shell32.lib ole32.lib oleaut32.lib uuid.lib odbc32.lib odbccp32.lib /MANIFEST /ManifestFile:"C:\Users\hannah\Desktop\EA-ANTIHACK 1 4 2023\Tool\GetHackList\GetHackList\Release\GetCRC.exe.intermediate.manifest" /MANIFESTUAC:"level='asInvoker' uiAccess='false'" /DEBUG /PDB:"C:\Users\hannah\Desktop\EA-ANTIHACK 1 4 2023\Tool\GetHackList\New Release\GetCRC.pdb" /SUBSYSTEM:CONSOLE /OPT:REF /OPT:ICF /LTCG /TLBID:1 /DYNAMICBASE /NXCOMPAT /IMPLIB:"C:\Users\hannah\Desktop\EA-ANTIHACK 1 4 2023\Tool\GetHackList\New Release\GetCRC.lib" /MACHINE:X86 "C:\Users\hannah\Desktop\EA-ANTIHACK 1 4 2023\Tool\GetHackList\GetHackList\Release\GetHackList.res"
         "C:\Users\hannah\Desktop\EA-ANTIHACK 1 4 2023\Tool\GetHackList\GetHackList\Release\CRC32.obj"
         "C:\Users\hannah\Desktop\EA-ANTIHACK 1 4 2023\Tool\GetHackList\GetHackList\Release\FileProtect.obj"
         "C:\Users\hannah\Desktop\EA-ANTIHACK 1 4 2023\Tool\GetHackList\GetHackList\Release\GetHackList.obj"
         "C:\Users\hannah\Desktop\EA-ANTIHACK 1 4 2023\Tool\GetHackList\GetHackList\Release\stdafx.obj"
         Generating code
         Finished generating code
         GetHackList.vcxproj -> C:\Users\hannah\Desktop\EA-ANTIHACK 1 4 2023\Tool\GetHackList\New Release\GetCRC.exe
       Manifest:
         C:\Program Files (x86)\Microsoft SDKs\Windows\v7.0A\bin\mt.exe /nologo /verbose /outputresource:"C:\Users\hannah\Desktop\EA-ANTIHACK 1 4 2023\Tool\GetHackList\New Release\GetCRC.exe;#1" /manifest "C:\Users\hannah\Desktop\EA-ANTIHACK 1 4 2023\Tool\GetHackList\GetHackList\Release\GetCRC.exe.intermediate.manifest"
       FinalizeBuildStatus:
         Deleting file "C:\Users\hannah\Desktop\EA-ANTIHACK 1 4 2023\Tool\GetHackList\GetHackList\Release\GetHackList.unsuccessfulbuild".
         Touching "C:\Users\hannah\Desktop\EA-ANTIHACK 1 4 2023\Tool\GetHackList\GetHackList\Release\GetHackList.lastbuildstate".
     1>Done Building Project "C:\Users\hannah\Desktop\EA-ANTIHACK 1 4 2023\Tool\GetHackList\GetHackList\GetHackList.vcxproj" (rebuild target(s)).

Build succeeded.

Time Elapsed 00:00:02.35
