C:\Users\hannah\Desktop\EA-ANTIHACK 1 4 2023\Tool\GetHackList\GetHackList\Release\CL.10476.read.1.tlog
C:\Users\hannah\Desktop\EA-ANTIHACK 1 4 2023\Tool\GetHackList\GetHackList\Release\CL.10476.write.1.tlog
C:\Users\hannah\Desktop\EA-ANTIHACK 1 4 2023\Tool\GetHackList\GetHackList\Release\CL.11656.read.1.tlog
C:\Users\hannah\Desktop\EA-ANTIHACK 1 4 2023\Tool\GetHackList\GetHackList\Release\CL.11656.write.1.tlog
C:\Users\hannah\Desktop\EA-ANTIHACK 1 4 2023\Tool\GetHackList\GetHackList\Release\CL.6840.read.1.tlog
C:\Users\hannah\Desktop\EA-ANTIHACK 1 4 2023\Tool\GetHackList\GetHackList\Release\CL.6840.write.1.tlog
C:\Users\hannah\Desktop\EA-ANTIHACK 1 4 2023\Tool\GetHackList\GetHackList\Release\cl.command.1.tlog
C:\Users\hannah\Desktop\EA-ANTIHACK 1 4 2023\Tool\GetHackList\GetHackList\Release\CL.read.1.tlog
C:\Users\hannah\Desktop\EA-ANTIHACK 1 4 2023\Tool\GetHackList\GetHackList\Release\CL.write.1.tlog
C:\USERS\HANNAH\DESKTOP\EA-ANTIHACK 1 4 2023\TOOL\GETHACKLIST\GETHACKLIST\RELEASE\CRC32.OBJ
C:\USERS\HANNAH\DESKTOP\EA-ANTIHACK 1 4 2023\TOOL\GETHACKLIST\GETHACKLIST\RELEASE\FILEPROTECT.OBJ
C:\USERS\HANNAH\DESKTOP\EA-ANTIHACK 1 4 2023\TOOL\GETHACKLIST\GETHACKLIST\RELEASE\GETHACKLIST.EXE.INTERMEDIATE.MANIFEST
C:\USERS\HANNAH\DESKTOP\EA-ANTIHACK 1 4 2023\TOOL\GETHACKLIST\GETHACKLIST\RELEASE\GETHACKLIST.OBJ
C:\USERS\HANNAH\DESKTOP\EA-ANTIHACK 1 4 2023\TOOL\GETHACKLIST\GETHACKLIST\RELEASE\GETHACKLIST.PCH
C:\USERS\HANNAH\DESKTOP\EA-ANTIHACK 1 4 2023\TOOL\GETHACKLIST\GETHACKLIST\RELEASE\GETHACKLIST.RES
C:\Users\hannah\Desktop\EA-ANTIHACK 1 4 2023\Tool\GetHackList\GetHackList\Release\GetHackList.write.1.tlog
C:\Users\hannah\Desktop\EA-ANTIHACK 1 4 2023\Tool\GetHackList\GetHackList\Release\link.command.1.tlog
C:\Users\hannah\Desktop\EA-ANTIHACK 1 4 2023\Tool\GetHackList\GetHackList\Release\link.read.1.tlog
C:\Users\hannah\Desktop\EA-ANTIHACK 1 4 2023\Tool\GetHackList\GetHackList\Release\link.write.1.tlog
C:\Users\hannah\Desktop\EA-ANTIHACK 1 4 2023\Tool\GetHackList\GetHackList\Release\link-cvtres.read.1.tlog
C:\Users\hannah\Desktop\EA-ANTIHACK 1 4 2023\Tool\GetHackList\GetHackList\Release\link-cvtres.write.1.tlog
C:\Users\hannah\Desktop\EA-ANTIHACK 1 4 2023\Tool\GetHackList\GetHackList\Release\mt.command.1.tlog
C:\Users\hannah\Desktop\EA-ANTIHACK 1 4 2023\Tool\GetHackList\GetHackList\Release\mt.read.1.tlog
C:\Users\hannah\Desktop\EA-ANTIHACK 1 4 2023\Tool\GetHackList\GetHackList\Release\mt.write.1.tlog
C:\Users\hannah\Desktop\EA-ANTIHACK 1 4 2023\Tool\GetHackList\GetHackList\Release\rc.command.1.tlog
C:\Users\hannah\Desktop\EA-ANTIHACK 1 4 2023\Tool\GetHackList\GetHackList\Release\rc.read.1.tlog
C:\Users\hannah\Desktop\EA-ANTIHACK 1 4 2023\Tool\GetHackList\GetHackList\Release\rc.write.1.tlog
C:\USERS\HANNAH\DESKTOP\EA-ANTIHACK 1 4 2023\TOOL\GETHACKLIST\GETHACKLIST\RELEASE\STDAFX.OBJ
C:\USERS\HANNAH\DESKTOP\EA-ANTIHACK 1 4 2023\TOOL\GETHACKLIST\GETHACKLIST\RELEASE\VC100.PDB
C:\USERS\HANNAH\DESKTOP\EA-ANTIHACK 1 4 2023\TOOL\GETHACKLIST\RELEASE\GETHACKLIST.EXE
C:\USERS\HANNAH\DESKTOP\EA-ANTIHACK 1 4 2023\TOOL\GETHACKLIST\RELEASE\GETHACKLIST.PDB
